00:38:35 | INFO     | __main__ – [CLI] Başlatılıyor: mode=full, headless=True, telegram=False, dashboard=False
WARNING (pytensor.configdefaults): g++ not available, if using conda: `conda install gxx`
WARNING (pytensor.configdefaults): g++ not detected!  PyTensor will be unable to compile C-implementations and will default to Python. Performance may be severely degraded. To remove this warning, set PyTensor flags cxx to an empty string.
00:39:24 | INFO     | src.quant.uncertainty_quantifier – mapie yüklü değil – heuristic uncertainty aktif.
00:39:27 | INFO     | src.quant.digital_twin_sim – mesa yüklü değil – pure Python simulation fallback.
C:\Users\immor\OneDrive\Belgeler\Projelerim\bahis\.venv\Lib\site-packages\nolds\datasets.py:9: UserWarning: pkg_resources is deprecated as an API. See https://setuptools.pypa.io/en/latest/pkg_resources.html. The pkg_resources package is slated for removal as early as 2025-11-30. Refrain from using this package or pin to Setuptools<81.
  import pkg_resources
C:\Users\immor\OneDrive\Belgeler\Projelerim\bahis\.venv\Lib\site-packages\rdt\transformers\utils.py:18: DeprecationWarning: module 'sre_parse' is deprecated
  import sre_parse  # isort:skip
00:39:35 | INFO     | src.core.jax_accelerator – JAX aktif – backend: cpu
────────────────────── QUANT BETTING BOT – BAŞLATILIYOR ───────────────────────
00:39:38 | INFO     | __main__ – [Boot] Mod=full, headless=True, telegram=False, dashboard=False
00:39:38 | INFO     | __main__ – Layer 0 – Infrastructure başlatılıyor…
00:39:38 | INFO     | src.utils.log_rotator – [LogRotator] Rotasyon tamamlandı: 0 arşivlendi, 9 korundu
00:39:38 | INFO     | src.core.exception_guardian – [Guardian] Başlatıldı: budget=50/h, circuit_thresh=15
00:39:38 | INFO     | src.core.exception_guardian – [Guardian] Global exception hook kuruldu
00:39:38 | INFO     | src.core.regime_kelly – [RegimeKelly] Başlatıldı: bankroll=10000, fraction=0.25, min_edge=4%
00:39:38 | INFO     | src.core.strategy_evolver – [Evolver] Başlatıldı: pop=50, elitism=5, tournament=3
00:39:38 | SUCCESS  | __main__ – Layer 0 hazır ✓ (0.02s)
00:39:38 | INFO     | __main__ – Layer 2 – Memory & Context başlatılıyor…
00:39:38 | INFO     | src.memory.db_manager – [DBManager] Başlatıldı → C:\Users\immor\OneDrive\Belgeler\Projelerim\bahis\data\bahis.duckdb
00:39:44 | SUCCESS  | __main__ – Layer 2 hazır ✓ (5.73s)
00:39:44 | INFO     | __main__ – Layer 1 – Sensors & Ingestion başlatılıyor…
00:39:44 | SUCCESS  | __main__ – Layer 1 hazır ✓ (0.06s)
00:39:44 | INFO     | __main__ – Layer 3 – Quantitative Brain başlatılıyor…
00:39:44 | INFO     | src.quant.kan_interpreter – KAN modeli oluşturuldu.
00:39:44 | WARNING  | src.quant.lstm_trend – [LSTM] Model yüklenemedi: [Errno 2] No such file or directory: 'models/lstm_trend.pt'
00:39:44 | INFO     | src.ingestion.vision_live – [Vision] YOLOv8n yüklendi.
00:39:45 | SUCCESS  | __main__ – Layer 3 hazır ✓ (1.21s)
00:39:45 | INFO     | __main__ – Layer 6 – Graph Intelligence başlatılıyor…
00:39:49 | WARNING  | src.memory.neo4j_graph – [Neo4j] Bağlantı hatası: Couldn't connect to localhost:7687 (resolved to ('[::1]:7687', '127.0.0.1:7687')):
Failed to establish connection to ResolvedIPv6Address(('::1', 7687, 0, 0)) (reason [WinError 10061] Hedef makine etkin olarak reddettiğinden bağlantı kurulamadı)
Failed to establish connection to ResolvedIPv4Address(('127.0.0.1', 7687)) (reason [WinError 10061] Hedef makine etkin olarak reddettiğinden bağlantı kurulamadı) – in-memory mod.
00:39:49 | INFO     | src.memory.neo4j_graph – [Neo4j] Fallback: networkx in-memory graph aktif.
00:39:49 | SUCCESS  | __main__ – Layer 6 hazır ✓ (4.08s)
00:39:49 | INFO     | __main__ – Layer 4 – Risk & Execution başlatılıyor…
00:39:50 | INFO     | src.core.jit_accelerator – [JIT] Warmup tamamlandı (198ms)
2026-02-19 00:39:52,665	INFO worker.py:2007 -- Started a local Ray instance.
00:39:55 | WARNING  | src.utils.super_logger – FutureWarning: Tip: In future versions of Ray, Ray will no longer override accelerator visible devices env var if num_gpus=0 or num_gpus=None (default). To enable this behavior and turn off this error message, set RAY_ACCEL_ENV_VAR_OVERRIDE_ON_ZERO=0 (C:\Users\immor\OneDrive\Belgeler\Projelerim\bahis\.venv\Lib\site-packages\ray\_private\worker.py:2046)
00:39:55 | INFO     | src.core.distributed_core – [Dist] Ray başlatıldı: CPU=12.0, GPU=0, Memory=3.8GB
00:39:56 | INFO     | src.core.shadow_manager – [Shadow] Durum yüklendi: 0 strateji.
00:39:56 | SUCCESS  | __main__ – Layer 4 hazır ✓ (6.38s)
00:39:56 | INFO     | __main__ – Layer 5 – Ops & Interface başlatılıyor…
00:39:56 | INFO     | src.core.workflow_orchestrator – [Orchestrator] Başlatıldı: retries=3, backoff=2.0x, prefect=✓
00:39:56 | INFO     | __main__ – [Orchestrator] 85 modül kaydedildi.
00:39:56 | SUCCESS  | __main__ – Layer 5 hazır ✓ (0.01s)
00:40:01 | INFO     | src.memory.dvc_manager – Snapshot oluşturuldu: boot (32188 dosya)
checkpoint directory created: ./model
saving model version 0.0
───────────────────────── TÜM KATMANLAR HAZIR – 23.1s ─────────────────────────
00:40:01 | INFO     | __main__ – [Boot] Tüm katmanlar 23.1 saniyede ayağa kalktı
00:40:02 | INFO     | src.ui.telegram_mini_app – TelegramNotifier hazır.
00:40:02 | INFO     | __main__ – [PreFetch] Boot sırasında TÜM SPORLAR verisi çekiliyor…
00:40:02 | INFO     | src.ingestion.metric_exporter – Prometheus metrikleri → http://localhost:9090/metrics
00:40:02 | INFO     | src.ingestion.async_data_factory – Canlı veri fabrikası başlatıldı.
00:40:02 | INFO     | src.ingestion.api_hijacker – [Hijack] Ağ dinleyici başlatılıyor…
00:40:02 | INFO     | src.ingestion.async_data_factory – Pre-match veri fabrikası başlatıldı.
00:40:06 | INFO     | src.ingestion.data_sources – [Sofascore] Tüm sporlar: 0 etkinlik çekildi.
00:40:09 | WARNING  | __main__ – [PreFetch] Sofascore boş – CSV fallback deneniyor…
00:40:10 | INFO     | src.ingestion.async_data_factory – Playwright tarayıcısı (yeniden) başlatıldı.
00:40:14 | INFO     | src.ingestion.api_hijacker – [Hijack] 🆕 Endpoint keşfedildi: https://www.sofascore.com/api/v1/sport/football/trending-top-players [other] (sofascore)
00:40:14 | INFO     | src.ingestion.api_hijacker – [Hijack] 🆕 Endpoint keşfedildi: https://www.sofascore.com/api/v1/sport/football/categories/all [other] (sofascore)
00:40:14 | INFO     | src.ingestion.api_hijacker – [Hijack] 🆕 Endpoint keşfedildi: https://www.sofascore.com/api/v1/odds/providers/TR/web [other] (sofascore)
00:40:14 | INFO     | src.ingestion.api_hijacker – [Hijack] 🆕 Endpoint keşfedildi: https://www.sofascore.com/api/v1/sport/football/scheduled-events/*-02-19 [match_list] (sofascore)
00:40:15 | INFO     | src.ingestion.api_hijacker – [Hijack] 🆕 Endpoint keşfedildi: https://www.sofascore.com/api/v1/event/newly-added-events [match_list] (sofascore)
00:40:15 | INFO     | src.ingestion.api_hijacker – [Hijack] 🆕 Endpoint keşfedildi: https://www.sofascore.com/api/v1/odds/providers/TR/web-odds [other] (sofascore)
00:40:15 | INFO     | src.ingestion.api_hijacker – [Hijack] 🆕 Endpoint keşfedildi: https://www.sofascore.com/api/v1/odds/*/featured-events-by-popularity/football [other] (sofascore)
00:40:15 | INFO     | src.ingestion.api_hijacker – [Hijack] 🆕 Endpoint keşfedildi: https://www.sofascore.com/api/v1/odds/*/featured-events/football [other] (sofascore)
00:40:15 | INFO     | src.ingestion.api_hijacker – [Hijack] 🆕 Endpoint keşfedildi: https://www.sofascore.com/api/v1/sport/football/odds/*/*-02-19 [odds] (sofascore)
00:40:15 | INFO     | src.ingestion.async_data_factory – FlashScore: 23 maç tarandı.
00:40:15 | INFO     | src.ingestion.async_data_factory – FlashScore: 23 maç tarandı.
00:40:15 | INFO     | src.ingestion.api_hijacker – [Hijack] 🆕 Endpoint keşfedildi: https://www.sofascore.com/api/v1/odds/providers/TR/web-featured [other] (sofascore)
00:40:16 | INFO     | src.ingestion.api_hijacker – [Hijack] 🆕 Endpoint keşfedildi: https://www.sofascore.com/api/v1/event/*/votes [other] (sofascore)
00:40:16 | INFO     | src.ingestion.api_hijacker – [Hijack] 🆕 Endpoint keşfedildi: https://www.sofascore.com/api/v1/event/*/odds/*/featured [other] (sofascore)
00:40:16 | INFO     | src.ingestion.api_hijacker – [Hijack] 🆕 Endpoint keşfedildi: https://www.sofascore.com/api/v1/event/* [other] (sofascore)
00:40:16 | INFO     | src.ingestion.api_hijacker – [Hijack] 🆕 Endpoint keşfedildi: https://www.sofascore.com/api/v1/event/*/odds/*/all [other] (sofascore)
00:40:24 | ERROR    | src.ingestion.data_sources – [CSV] Hata (super_lig/2526) url=https://www.football-data.co.uk/mmz4281/2526/T1.csv: ConnectTimeout: ConnectTimeout('')
Traceback (most recent call last):

  File "C:\Users\immor\OneDrive\Belgeler\Projelerim\bahis\.venv\Lib\site-packages\httpx\_transports\default.py", line 101, in map_httpcore_exceptions
    yield
  File "C:\Users\immor\OneDrive\Belgeler\Projelerim\bahis\.venv\Lib\site-packages\httpx\_transports\default.py", line 394, in handle_async_request
    resp = await self._pool.handle_async_request(req)
                 │    │     │                    └ <Request [b'GET']>
                 │    │     └ <function AsyncConnectionPool.handle_async_request at 0x000001F416C50400>
                 │    └ <AsyncConnectionPool [Requests: 0 active, 0 queued | Connections: 0 active, 0 idle]>
                 └ <httpx.AsyncHTTPTransport object at 0x000001F438CAC110>
  File "C:\Users\immor\OneDrive\Belgeler\Projelerim\bahis\.venv\Lib\site-packages\httpcore\_async\connection_pool.py", line 256, in handle_async_request
    raise exc from None
  File "C:\Users\immor\OneDrive\Belgeler\Projelerim\bahis\.venv\Lib\site-packages\httpcore\_async\connection_pool.py", line 236, in handle_async_request
    response = await connection.handle_async_request(
                     │          └ <function AsyncHTTPConnection.handle_async_request at 0x000001F416C476A0>
                     └ <AsyncHTTPConnection [CONNECTION FAILED]>
  File "C:\Users\immor\OneDrive\Belgeler\Projelerim\bahis\.venv\Lib\site-packages\httpcore\_async\connection.py", line 101, in handle_async_request
    raise exc
  File "C:\Users\immor\OneDrive\Belgeler\Projelerim\bahis\.venv\Lib\site-packages\httpcore\_async\connection.py", line 78, in handle_async_request
    stream = await self._connect(request)
                   │    │        └ <Request [b'GET']>
                   │    └ <function AsyncHTTPConnection._connect at 0x000001F416C47740>
                   └ <AsyncHTTPConnection [CONNECTION FAILED]>
  File "C:\Users\immor\OneDrive\Belgeler\Projelerim\bahis\.venv\Lib\site-packages\httpcore\_async\connection.py", line 124, in _connect
    stream = await self._network_backend.connect_tcp(**kwargs)
                   │    │                │             └ {'host': 'www.football-data.co.uk', 'port': 443, 'local_address': None, 'timeout': 15, 'socket_options': None}
                   │    │                └ <function AutoBackend.connect_tcp at 0x000001F416C45800>
                   │    └ <httpcore._backends.auto.AutoBackend object at 0x000001F4392FC2D0>
                   └ <AsyncHTTPConnection [CONNECTION FAILED]>
  File "C:\Users\immor\OneDrive\Belgeler\Projelerim\bahis\.venv\Lib\site-packages\httpcore\_backends\auto.py", line 31, in connect_tcp
    return await self._backend.connect_tcp(
                 │    │        └ <function AnyIOBackend.connect_tcp at 0x000001F416C704A0>
                 │    └ <httpcore.AnyIOBackend object at 0x000001F4392FFED0>
                 └ <httpcore._backends.auto.AutoBackend object at 0x000001F4392FC2D0>
  File "C:\Users\immor\OneDrive\Belgeler\Projelerim\bahis\.venv\Lib\site-packages\httpcore\_backends\anyio.py", line 113, in connect_tcp
    with map_exceptions(exc_map):
         │              └ {<class 'TimeoutError'>: <class 'httpcore.ConnectTimeout'>, <class 'OSError'>: <class 'httpcore.ConnectError'>, <class 'anyio...
         └ <function map_exceptions at 0x000001F416900540>
  File "C:\Users\immor\AppData\Local\Programs\Python\Python311\Lib\contextlib.py", line 158, in __exit__
    self.gen.throw(typ, value, traceback)
    │    │   │     │    │      └ <traceback object at 0x000001F4396941C0>
    │    │   │     │    └ TimeoutError()
    │    │   │     └ <class 'TimeoutError'>
    │    │   └ <method 'throw' of 'generator' objects>
    │    └ <generator object map_exceptions at 0x000001F43BF40540>
    └ <contextlib._GeneratorContextManager object at 0x000001F438CAE690>
  File "C:\Users\immor\OneDrive\Belgeler\Projelerim\bahis\.venv\Lib\site-packages\httpcore\_exceptions.py", line 14, in map_exceptions
    raise to_exc(exc) from exc
          └ <class 'httpcore.ConnectTimeout'>

httpcore.ConnectTimeout


The above exception was the direct cause of the following exception:


Traceback (most recent call last):

  File "C:\Users\immor\OneDrive\Belgeler\Projelerim\bahis\bahis.py", line 7426, in <module>
    app()
    └ <typer.main.Typer object at 0x000001F45B7F3F10>

  File "C:\Users\immor\OneDrive\Belgeler\Projelerim\bahis\.venv\Lib\site-packages\typer\main.py", line 1132, in __call__
    return get_command(self)(*args, **kwargs)
           │           │      │       └ {}
           │           │      └ ()
           │           └ <typer.main.Typer object at 0x000001F45B7F3F10>
           └ <function get_command at 0x000001F45B38E8E0>
  File "C:\Users\immor\OneDrive\Belgeler\Projelerim\bahis\.venv\Lib\site-packages\click\core.py", line 1485, in __call__
    return self.main(*args, **kwargs)
           │    │     │       └ {}
           │    │     └ ()
           │    └ <function TyperGroup.main at 0x000001F45B382DE0>
           └ <TyperGroup bahis>
  File "C:\Users\immor\OneDrive\Belgeler\Projelerim\bahis\.venv\Lib\site-packages\typer\core.py", line 814, in main
    return _main(
           └ <function _main at 0x000001F45B381B20>
  File "C:\Users\immor\OneDrive\Belgeler\Projelerim\bahis\.venv\Lib\site-packages\typer\core.py", line 190, in _main
    rv = self.invoke(ctx)
         │    │      └ <click.core.Context object at 0x000001F45B84A9D0>
         │    └ <function Group.invoke at 0x000001F45B3089A0>
         └ <TyperGroup bahis>
  File "C:\Users\immor\OneDrive\Belgeler\Projelerim\bahis\.venv\Lib\site-packages\click\core.py", line 1873, in invoke
    return _process_result(sub_ctx.command.invoke(sub_ctx))
           │               │       │       │      └ <click.core.Context object at 0x000001F458799F50>
           │               │       │       └ <function Command.invoke at 0x000001F45B303740>
           │               │       └ <TyperCommand run>
           │               └ <click.core.Context object at 0x000001F458799F50>
           └ <function Group.invoke.<locals>._process_result at 0x000001F45B84C9A0>
  File "C:\Users\immor\OneDrive\Belgeler\Projelerim\bahis\.venv\Lib\site-packages\click\core.py", line 1269, in invoke
    return ctx.invoke(self.callback, **ctx.params)
           │   │      │    │           │   └ {'mode': 'full', 'headless': True, 'telegram': False, 'dashboard': False}
           │   │      │    │           └ <click.core.Context object at 0x000001F458799F50>
           │   │      │    └ <function run at 0x000001F45B7FAA20>
           │   │      └ <TyperCommand run>
           │   └ <function Context.invoke at 0x000001F45B302980>
           └ <click.core.Context object at 0x000001F458799F50>
  File "C:\Users\immor\OneDrive\Belgeler\Projelerim\bahis\.venv\Lib\site-packages\click\core.py", line 824, in invoke
    return callback(*args, **kwargs)
           │         │       └ {'mode': 'full', 'headless': True, 'telegram': False, 'dashboard': False}
           │         └ ()
           └ <function run at 0x000001F45B7FAA20>
  File "C:\Users\immor\OneDrive\Belgeler\Projelerim\bahis\.venv\Lib\site-packages\typer\main.py", line 1511, in wrapper
    return callback(**use_params)
           │          └ {'mode': 'full', 'headless': True, 'telegram': False, 'dashboard': False}
           └ <function run at 0x000001F45B7FAAC0>

  File "C:\Users\immor\OneDrive\Belgeler\Projelerim\bahis\bahis.py", line 3291, in run
    asyncio.run(_boot(mode=mode, headless=headless, telegram=telegram, dashboard=dashboard))
    │       │   │          │              │                  │                   └ False
    │       │   │          │              │                  └ False
    │       │   │          │              └ True
    │       │   │          └ 'full'
    │       │   └ <function _boot at 0x000001F45B7FA8E0>
    │       └ <function run at 0x000001F45B064540>
    └ <module 'asyncio' from 'C:\\Users\\immor\\AppData\\Local\\Programs\\Python\\Python311\\Lib\\asyncio\\__init__.py'>

  File "C:\Users\immor\AppData\Local\Programs\Python\Python311\Lib\asyncio\runners.py", line 190, in run
    return runner.run(main)
           │      │   └ <coroutine object _boot at 0x000001F458F0B010>
           │      └ <function Runner.run at 0x000001F45B0E4AE0>
           └ <asyncio.runners.Runner object at 0x000001F45B84B790>
  File "C:\Users\immor\AppData\Local\Programs\Python\Python311\Lib\asyncio\runners.py", line 118, in run
    return self._loop.run_until_complete(task)
           │    │     │                  └ <Task pending name='Task-1' coro=<_boot() running at C:\Users\immor\OneDrive\Belgeler\Projelerim\bahis\bahis.py:827> cb=[_run...
           │    │     └ <function BaseEventLoop.run_until_complete at 0x000001F45B0E25C0>
           │    └ <ProactorEventLoop running=True closed=False debug=False>
           └ <asyncio.runners.Runner object at 0x000001F45B84B790>
  File "C:\Users\immor\AppData\Local\Programs\Python\Python311\Lib\asyncio\base_events.py", line 641, in run_until_complete
    self.run_forever()
    │    └ <function ProactorEventLoop.run_forever at 0x000001F45B1AA7A0>
    └ <ProactorEventLoop running=True closed=False debug=False>
  File "C:\Users\immor\AppData\Local\Programs\Python\Python311\Lib\asyncio\windows_events.py", line 321, in run_forever
    super().run_forever()
  File "C:\Users\immor\AppData\Local\Programs\Python\Python311\Lib\asyncio\base_events.py", line 608, in run_forever
    self._run_once()
    │    └ <function BaseEventLoop._run_once at 0x000001F45B0E4360>
    └ <ProactorEventLoop running=True closed=False debug=False>
  File "C:\Users\immor\AppData\Local\Programs\Python\Python311\Lib\asyncio\base_events.py", line 1936, in _run_once
    handle._run()
    │      └ <function Handle._run at 0x000001F45B0398A0>
    └ <Handle Task.task_wakeup(<Future finished result=None>)>
  File "C:\Users\immor\AppData\Local\Programs\Python\Python311\Lib\asyncio\events.py", line 84, in _run
    self._context.run(self._callback, *self._args)
    │    │            │    │           │    └ <member '_args' of 'Handle' objects>
    │    │            │    │           └ <Handle Task.task_wakeup(<Future finished result=None>)>
    │    │            │    └ <member '_callback' of 'Handle' objects>
    │    │            └ <Handle Task.task_wakeup(<Future finished result=None>)>
    │    └ <member '_context' of 'Handle' objects>
    └ <Handle Task.task_wakeup(<Future finished result=None>)>

  File "C:\Users\immor\OneDrive\Belgeler\Projelerim\bahis\bahis.py", line 827, in _boot
    _csv_data = await _csv_src.get_historical("super_lig", "2526")
                      │        └ <function FootballCSVSource.get_historical at 0x000001F47D342700>
                      └ <src.ingestion.data_sources.FootballCSVSource object at 0x000001F43959BB90>

> File "C:\Users\immor\OneDrive\Belgeler\Projelerim\bahis\src\ingestion\data_sources.py", line 238, in get_historical
    resp = await client.get(url)
                 │      │   └ 'https://www.football-data.co.uk/mmz4281/2526/T1.csv'
                 │      └ <function AsyncClient.get at 0x000001F479B77740>
                 └ <httpx.AsyncClient object at 0x000001F43959B910>

  File "C:\Users\immor\OneDrive\Belgeler\Projelerim\bahis\.venv\Lib\site-packages\httpx\_client.py", line 1768, in get
    return await self.request(
                 │    └ <function AsyncClient.request at 0x000001F479B772E0>
                 └ <httpx.AsyncClient object at 0x000001F43959B910>
  File "C:\Users\immor\OneDrive\Belgeler\Projelerim\bahis\.venv\Lib\site-packages\httpx\_client.py", line 1540, in request
    return await self.send(request, auth=auth, follow_redirects=follow_redirects)
                 │    │    │             │                      └ <httpx._client.UseClientDefault object at 0x000001F479B59B50>
                 │    │    │             └ <httpx._client.UseClientDefault object at 0x000001F479B59B50>
                 │    │    └ <Request('GET', 'https://www.football-data.co.uk/mmz4281/2526/T1.csv')>
                 │    └ <function AsyncClient.send at 0x000001F479B774C0>
                 └ <httpx.AsyncClient object at 0x000001F43959B910>
  File "C:\Users\immor\OneDrive\Belgeler\Projelerim\bahis\.venv\Lib\site-packages\httpx\_client.py", line 1629, in send
    response = await self._send_handling_auth(
                     │    └ <function AsyncClient._send_handling_auth at 0x000001F479B77560>
                     └ <httpx.AsyncClient object at 0x000001F43959B910>
  File "C:\Users\immor\OneDrive\Belgeler\Projelerim\bahis\.venv\Lib\site-packages\httpx\_client.py", line 1657, in _send_handling_auth
    response = await self._send_handling_redirects(
                     │    └ <function AsyncClient._send_handling_redirects at 0x000001F479B77600>
                     └ <httpx.AsyncClient object at 0x000001F43959B910>
  File "C:\Users\immor\OneDrive\Belgeler\Projelerim\bahis\.venv\Lib\site-packages\httpx\_client.py", line 1694, in _send_handling_redirects
    response = await self._send_single_request(request)
                     │    │                    └ <Request('GET', 'https://www.football-data.co.uk/mmz4281/2526/T1.csv')>
                     │    └ <function AsyncClient._send_single_request at 0x000001F479B776A0>
                     └ <httpx.AsyncClient object at 0x000001F43959B910>
  File "C:\Users\immor\OneDrive\Belgeler\Projelerim\bahis\.venv\Lib\site-packages\httpx\_client.py", line 1730, in _send_single_request
    response = await transport.handle_async_request(request)
                     │         │                    └ <Request('GET', 'https://www.football-data.co.uk/mmz4281/2526/T1.csv')>
                     │         └ <function AsyncHTTPTransport.handle_async_request at 0x000001F479B74220>
                     └ <httpx.AsyncHTTPTransport object at 0x000001F438CAC110>
  File "C:\Users\immor\OneDrive\Belgeler\Projelerim\bahis\.venv\Lib\site-packages\httpx\_transports\default.py", line 393, in handle_async_request
    with map_httpcore_exceptions():
         └ <function map_httpcore_exceptions at 0x000001F479B677E0>
  File "C:\Users\immor\AppData\Local\Programs\Python\Python311\Lib\contextlib.py", line 158, in __exit__
    self.gen.throw(typ, value, traceback)
    │    │   │     │    │      └ <traceback object at 0x000001F4396945C0>
    │    │   │     │    └ ConnectTimeout(TimeoutError())
    │    │   │     └ <class 'httpcore.ConnectTimeout'>
    │    │   └ <method 'throw' of 'generator' objects>
    │    └ <generator object map_httpcore_exceptions at 0x000001F43BF41640>
    └ <contextlib._GeneratorContextManager object at 0x000001F437D3BAD0>
  File "C:\Users\immor\OneDrive\Belgeler\Projelerim\bahis\.venv\Lib\site-packages\httpx\_transports\default.py", line 118, in map_httpcore_exceptions
    raise mapped_exc(message) from exc
          │          └ ''
          └ <class 'httpx.ConnectTimeout'>

httpx.ConnectTimeout
[2026-02-19 00:40:26,998 E 4036 27036] core_worker_process.cc:842: Failed to establish connection to the metrics exporter agent. Metrics will not be exported. Exporter agent status: RpcError: Running out of retries to initialize the metrics agent. rpc_code: 14
00:40:41 | WARNING  | src.ingestion.api_hijacker – [Hijack] ✗ sofascore bağlanamadı: Page.goto: Timeout 30000ms exceeded.
Call log:
  - navigating to "https://www.sofascore.com/football", waiting until "networkidle"

00:40:42 | ERROR    | src.ingestion.data_sources – [CSV] Hata (epl/2526) url=https://www.football-data.co.uk/mmz4281/2526/E0.csv: ReadTimeout: ReadTimeout('')
Traceback (most recent call last):

  File "C:\Users\immor\OneDrive\Belgeler\Projelerim\bahis\.venv\Lib\site-packages\httpx\_transports\default.py", line 101, in map_httpcore_exceptions
    yield
  File "C:\Users\immor\OneDrive\Belgeler\Projelerim\bahis\.venv\Lib\site-packages\httpx\_transports\default.py", line 271, in __aiter__
    async for part in self._httpcore_stream:
              │       │    └ <httpcore._async.connection_pool.PoolByteStream object at 0x000001F437D396D0>
              │       └ <httpx._transports.default.AsyncResponseStream object at 0x000001F4390F27D0>
              └ b'mes, serif;\r\n\t\t\tfont-size: 11px;\r\n\t\t\tline-height: 140%;\r\n\t\t\tfont-weight: normal;\r\n\t\t\tcolor: #BB65FF;\r\...
  File "C:\Users\immor\OneDrive\Belgeler\Projelerim\bahis\.venv\Lib\site-packages\httpcore\_async\connection_pool.py", line 407, in __aiter__
    raise exc from None
  File "C:\Users\immor\OneDrive\Belgeler\Projelerim\bahis\.venv\Lib\site-packages\httpcore\_async\connection_pool.py", line 403, in __aiter__
    async for part in self._stream:
              │       │    └ <httpcore._async.http11.HTTP11ConnectionByteStream object at 0x000001F439695850>
              │       └ <httpcore._async.connection_pool.PoolByteStream object at 0x000001F437D396D0>
              └ b'mes, serif;\r\n\t\t\tfont-size: 11px;\r\n\t\t\tline-height: 140%;\r\n\t\t\tfont-weight: normal;\r\n\t\t\tcolor: #BB65FF;\r\...
  File "C:\Users\immor\OneDrive\Belgeler\Projelerim\bahis\.venv\Lib\site-packages\httpcore\_async\http11.py", line 342, in __aiter__
    raise exc
  File "C:\Users\immor\OneDrive\Belgeler\Projelerim\bahis\.venv\Lib\site-packages\httpcore\_async\http11.py", line 334, in __aiter__
    async for chunk in self._connection._receive_response_body(**kwargs):
              │        │    │           │                        └ {'request': <Request [b'GET']>}
              │        │    │           └ <function AsyncHTTP11Connection._receive_response_body at 0x000001F416C467A0>
              │        │    └ <AsyncHTTP11Connection ['https://www.football-data.co.uk:443', CLOSED, Request Count: 1]>
              │        └ <httpcore._async.http11.HTTP11ConnectionByteStream object at 0x000001F439695850>
              └ b'mes, serif;\r\n\t\t\tfont-size: 11px;\r\n\t\t\tline-height: 140%;\r\n\t\t\tfont-weight: normal;\r\n\t\t\tcolor: #BB65FF;\r\...
  File "C:\Users\immor\OneDrive\Belgeler\Projelerim\bahis\.venv\Lib\site-packages\httpcore\_async\http11.py", line 203, in _receive_response_body
    event = await self._receive_event(timeout=timeout)
                  │    │                      └ 15
                  │    └ <function AsyncHTTP11Connection._receive_event at 0x000001F416C46840>
                  └ <AsyncHTTP11Connection ['https://www.football-data.co.uk:443', CLOSED, Request Count: 1]>
  File "C:\Users\immor\OneDrive\Belgeler\Projelerim\bahis\.venv\Lib\site-packages\httpcore\_async\http11.py", line 217, in _receive_event
    data = await self._network_stream.read(
                 │    │               └ <function AnyIOStream.read at 0x000001F416C70180>
                 │    └ <httpcore._backends.anyio.AnyIOStream object at 0x000001F439126990>
                 └ <AsyncHTTP11Connection ['https://www.football-data.co.uk:443', CLOSED, Request Count: 1]>
  File "C:\Users\immor\OneDrive\Belgeler\Projelerim\bahis\.venv\Lib\site-packages\httpcore\_backends\anyio.py", line 32, in read
    with map_exceptions(exc_map):
         │              └ {<class 'TimeoutError'>: <class 'httpcore.ReadTimeout'>, <class 'anyio.BrokenResourceError'>: <class 'httpcore.ReadError'>, <...
         └ <function map_exceptions at 0x000001F416900540>
  File "C:\Users\immor\AppData\Local\Programs\Python\Python311\Lib\contextlib.py", line 158, in __exit__
    self.gen.throw(typ, value, traceback)
    │    │   │     │    │      └ <traceback object at 0x000001F4399B13C0>
    │    │   │     │    └ TimeoutError()
    │    │   │     └ <class 'TimeoutError'>
    │    │   └ <method 'throw' of 'generator' objects>
    │    └ <generator object map_exceptions at 0x000001F43BEF5540>
    └ <contextlib._GeneratorContextManager object at 0x000001F438B58510>
  File "C:\Users\immor\OneDrive\Belgeler\Projelerim\bahis\.venv\Lib\site-packages\httpcore\_exceptions.py", line 14, in map_exceptions
    raise to_exc(exc) from exc
          └ <class 'httpcore.ReadTimeout'>

httpcore.ReadTimeout


The above exception was the direct cause of the following exception:


Traceback (most recent call last):

  File "C:\Users\immor\OneDrive\Belgeler\Projelerim\bahis\bahis.py", line 7426, in <module>
    app()
    └ <typer.main.Typer object at 0x000001F45B7F3F10>

  File "C:\Users\immor\OneDrive\Belgeler\Projelerim\bahis\.venv\Lib\site-packages\typer\main.py", line 1132, in __call__
    return get_command(self)(*args, **kwargs)
           │           │      │       └ {}
           │           │      └ ()
           │           └ <typer.main.Typer object at 0x000001F45B7F3F10>
           └ <function get_command at 0x000001F45B38E8E0>
  File "C:\Users\immor\OneDrive\Belgeler\Projelerim\bahis\.venv\Lib\site-packages\click\core.py", line 1485, in __call__
    return self.main(*args, **kwargs)
           │    │     │       └ {}
           │    │     └ ()
           │    └ <function TyperGroup.main at 0x000001F45B382DE0>
           └ <TyperGroup bahis>
  File "C:\Users\immor\OneDrive\Belgeler\Projelerim\bahis\.venv\Lib\site-packages\typer\core.py", line 814, in main
    return _main(
           └ <function _main at 0x000001F45B381B20>
  File "C:\Users\immor\OneDrive\Belgeler\Projelerim\bahis\.venv\Lib\site-packages\typer\core.py", line 190, in _main
    rv = self.invoke(ctx)
         │    │      └ <click.core.Context object at 0x000001F45B84A9D0>
         │    └ <function Group.invoke at 0x000001F45B3089A0>
         └ <TyperGroup bahis>
  File "C:\Users\immor\OneDrive\Belgeler\Projelerim\bahis\.venv\Lib\site-packages\click\core.py", line 1873, in invoke
    return _process_result(sub_ctx.command.invoke(sub_ctx))
           │               │       │       │      └ <click.core.Context object at 0x000001F458799F50>
           │               │       │       └ <function Command.invoke at 0x000001F45B303740>
           │               │       └ <TyperCommand run>
           │               └ <click.core.Context object at 0x000001F458799F50>
           └ <function Group.invoke.<locals>._process_result at 0x000001F45B84C9A0>
  File "C:\Users\immor\OneDrive\Belgeler\Projelerim\bahis\.venv\Lib\site-packages\click\core.py", line 1269, in invoke
    return ctx.invoke(self.callback, **ctx.params)
           │   │      │    │           │   └ {'mode': 'full', 'headless': True, 'telegram': False, 'dashboard': False}
           │   │      │    │           └ <click.core.Context object at 0x000001F458799F50>
           │   │      │    └ <function run at 0x000001F45B7FAA20>
           │   │      └ <TyperCommand run>
           │   └ <function Context.invoke at 0x000001F45B302980>
           └ <click.core.Context object at 0x000001F458799F50>
  File "C:\Users\immor\OneDrive\Belgeler\Projelerim\bahis\.venv\Lib\site-packages\click\core.py", line 824, in invoke
    return callback(*args, **kwargs)
           │         │       └ {'mode': 'full', 'headless': True, 'telegram': False, 'dashboard': False}
           │         └ ()
           └ <function run at 0x000001F45B7FAA20>
  File "C:\Users\immor\OneDrive\Belgeler\Projelerim\bahis\.venv\Lib\site-packages\typer\main.py", line 1511, in wrapper
    return callback(**use_params)
           │          └ {'mode': 'full', 'headless': True, 'telegram': False, 'dashboard': False}
           └ <function run at 0x000001F45B7FAAC0>

  File "C:\Users\immor\OneDrive\Belgeler\Projelerim\bahis\bahis.py", line 3291, in run
    asyncio.run(_boot(mode=mode, headless=headless, telegram=telegram, dashboard=dashboard))
    │       │   │          │              │                  │                   └ False
    │       │   │          │              │                  └ False
    │       │   │          │              └ True
    │       │   │          └ 'full'
    │       │   └ <function _boot at 0x000001F45B7FA8E0>
    │       └ <function run at 0x000001F45B064540>
    └ <module 'asyncio' from 'C:\\Users\\immor\\AppData\\Local\\Programs\\Python\\Python311\\Lib\\asyncio\\__init__.py'>

  File "C:\Users\immor\AppData\Local\Programs\Python\Python311\Lib\asyncio\runners.py", line 190, in run
    return runner.run(main)
           │      │   └ <coroutine object _boot at 0x000001F458F0B010>
           │      └ <function Runner.run at 0x000001F45B0E4AE0>
           └ <asyncio.runners.Runner object at 0x000001F45B84B790>
  File "C:\Users\immor\AppData\Local\Programs\Python\Python311\Lib\asyncio\runners.py", line 118, in run
    return self._loop.run_until_complete(task)
           │    │     │                  └ <Task pending name='Task-1' coro=<_boot() running at C:\Users\immor\OneDrive\Belgeler\Projelerim\bahis\bahis.py:829> cb=[_run...
           │    │     └ <function BaseEventLoop.run_until_complete at 0x000001F45B0E25C0>
           │    └ <ProactorEventLoop running=True closed=False debug=False>
           └ <asyncio.runners.Runner object at 0x000001F45B84B790>
  File "C:\Users\immor\AppData\Local\Programs\Python\Python311\Lib\asyncio\base_events.py", line 641, in run_until_complete
    self.run_forever()
    │    └ <function ProactorEventLoop.run_forever at 0x000001F45B1AA7A0>
    └ <ProactorEventLoop running=True closed=False debug=False>
  File "C:\Users\immor\AppData\Local\Programs\Python\Python311\Lib\asyncio\windows_events.py", line 321, in run_forever
    super().run_forever()
  File "C:\Users\immor\AppData\Local\Programs\Python\Python311\Lib\asyncio\base_events.py", line 608, in run_forever
    self._run_once()
    │    └ <function BaseEventLoop._run_once at 0x000001F45B0E4360>
    └ <ProactorEventLoop running=True closed=False debug=False>
  File "C:\Users\immor\AppData\Local\Programs\Python\Python311\Lib\asyncio\base_events.py", line 1936, in _run_once
    handle._run()
    │      └ <function Handle._run at 0x000001F45B0398A0>
    └ <Handle <TaskStepMethWrapper object at 0x000001F43927EC20>()>
  File "C:\Users\immor\AppData\Local\Programs\Python\Python311\Lib\asyncio\events.py", line 84, in _run
    self._context.run(self._callback, *self._args)
    │    │            │    │           │    └ <member '_args' of 'Handle' objects>
    │    │            │    │           └ <Handle <TaskStepMethWrapper object at 0x000001F43927EC20>()>
    │    │            │    └ <member '_callback' of 'Handle' objects>
    │    │            └ <Handle <TaskStepMethWrapper object at 0x000001F43927EC20>()>
    │    └ <member '_context' of 'Handle' objects>
    └ <Handle <TaskStepMethWrapper object at 0x000001F43927EC20>()>

  File "C:\Users\immor\OneDrive\Belgeler\Projelerim\bahis\bahis.py", line 829, in _boot
    _csv_data = await _csv_src.get_historical("epl", "2526")
                      │        └ <function FootballCSVSource.get_historical at 0x000001F47D342700>
                      └ <src.ingestion.data_sources.FootballCSVSource object at 0x000001F43959BB90>

> File "C:\Users\immor\OneDrive\Belgeler\Projelerim\bahis\src\ingestion\data_sources.py", line 238, in get_historical
    resp = await client.get(url)
                 │      │   └ 'https://www.football-data.co.uk/mmz4281/2526/E0.csv'
                 │      └ <function AsyncClient.get at 0x000001F479B77740>
                 └ <httpx.AsyncClient object at 0x000001F439103BD0>

  File "C:\Users\immor\OneDrive\Belgeler\Projelerim\bahis\.venv\Lib\site-packages\httpx\_client.py", line 1768, in get
    return await self.request(
                 │    └ <function AsyncClient.request at 0x000001F479B772E0>
                 └ <httpx.AsyncClient object at 0x000001F439103BD0>
  File "C:\Users\immor\OneDrive\Belgeler\Projelerim\bahis\.venv\Lib\site-packages\httpx\_client.py", line 1540, in request
    return await self.send(request, auth=auth, follow_redirects=follow_redirects)
                 │    │    │             │                      └ <httpx._client.UseClientDefault object at 0x000001F479B59B50>
                 │    │    │             └ <httpx._client.UseClientDefault object at 0x000001F479B59B50>
                 │    │    └ <Request('GET', 'https://www.football-data.co.uk/mmz4281/2526/E0.csv')>
                 │    └ <function AsyncClient.send at 0x000001F479B774C0>
                 └ <httpx.AsyncClient object at 0x000001F439103BD0>
  File "C:\Users\immor\OneDrive\Belgeler\Projelerim\bahis\.venv\Lib\site-packages\httpx\_client.py", line 1643, in send
    raise exc
  File "C:\Users\immor\OneDrive\Belgeler\Projelerim\bahis\.venv\Lib\site-packages\httpx\_client.py", line 1637, in send
    await response.aread()
          │        └ <function Response.aread at 0x000001F479B64220>
          └ <Response [200 OK]>
  File "C:\Users\immor\OneDrive\Belgeler\Projelerim\bahis\.venv\Lib\site-packages\httpx\_models.py", line 979, in aread
    self._content = b"".join([part async for part in self.aiter_bytes()])
    │                                                │    └ <function Response.aiter_bytes at 0x000001F479B642C0>
    │                                                └ <Response [200 OK]>
    └ <Response [200 OK]>
  File "C:\Users\immor\OneDrive\Belgeler\Projelerim\bahis\.venv\Lib\site-packages\httpx\_models.py", line 979, in <listcomp>
    self._content = b"".join([part async for part in self.aiter_bytes()])
                              │              └ b'mes, serif;\r\n\t\t\tfont-size: 11px;\r\n\t\t\tline-height: 140%;\r\n\t\t\tfont-weight: normal;\r\n\t\t\tcolor: #BB65FF;\r\...
                              └ b'mes, serif;\r\n\t\t\tfont-size: 11px;\r\n\t\t\tline-height: 140%;\r\n\t\t\tfont-weight: normal;\r\n\t\t\tcolor: #BB65FF;\r\...
  File "C:\Users\immor\OneDrive\Belgeler\Projelerim\bahis\.venv\Lib\site-packages\httpx\_models.py", line 997, in aiter_bytes
    async for raw_bytes in self.aiter_raw():
              │            │    └ <function Response.aiter_raw at 0x000001F479B644A0>
              │            └ <Response [200 OK]>
              └ b'mes, serif;\r\n\t\t\tfont-size: 11px;\r\n\t\t\tline-height: 140%;\r\n\t\t\tfont-weight: normal;\r\n\t\t\tcolor: #BB65FF;\r\...
  File "C:\Users\immor\OneDrive\Belgeler\Projelerim\bahis\.venv\Lib\site-packages\httpx\_models.py", line 1055, in aiter_raw
    async for raw_stream_bytes in self.stream:
              │                   │    └ <httpx._client.BoundAsyncStream object at 0x000001F43973DB10>
              │                   └ <Response [200 OK]>
              └ b'mes, serif;\r\n\t\t\tfont-size: 11px;\r\n\t\t\tline-height: 140%;\r\n\t\t\tfont-weight: normal;\r\n\t\t\tcolor: #BB65FF;\r\...
  File "C:\Users\immor\OneDrive\Belgeler\Projelerim\bahis\.venv\Lib\site-packages\httpx\_client.py", line 176, in __aiter__
    async for chunk in self._stream:
              │        │    └ <httpx._transports.default.AsyncResponseStream object at 0x000001F4390F27D0>
              │        └ <httpx._client.BoundAsyncStream object at 0x000001F43973DB10>
              └ b'mes, serif;\r\n\t\t\tfont-size: 11px;\r\n\t\t\tline-height: 140%;\r\n\t\t\tfont-weight: normal;\r\n\t\t\tcolor: #BB65FF;\r\...
  File "C:\Users\immor\OneDrive\Belgeler\Projelerim\bahis\.venv\Lib\site-packages\httpx\_transports\default.py", line 270, in __aiter__
    with map_httpcore_exceptions():
         └ <function map_httpcore_exceptions at 0x000001F479B677E0>
  File "C:\Users\immor\AppData\Local\Programs\Python\Python311\Lib\contextlib.py", line 158, in __exit__
    self.gen.throw(typ, value, traceback)
    │    │   │     │    │      └ <traceback object at 0x000001F43964A440>
    │    │   │     │    └ ReadTimeout(TimeoutError())
    │    │   │     └ <class 'httpcore.ReadTimeout'>
    │    │   └ <method 'throw' of 'generator' objects>
    │    └ <generator object map_httpcore_exceptions at 0x000001F42E53CB40>
    └ <contextlib._GeneratorContextManager object at 0x000001F439677ED0>
  File "C:\Users\immor\OneDrive\Belgeler\Projelerim\bahis\.venv\Lib\site-packages\httpx\_transports\default.py", line 118, in map_httpcore_exceptions
    raise mapped_exc(message) from exc
          │          └ ''
          └ <class 'httpx.ReadTimeout'>

httpx.ReadTimeout
00:40:43 | INFO     | apscheduler.schedulers.base – Adding job tentatively -- it will be properly scheduled when the scheduler starts
00:40:43 | INFO     | src.core.job_scheduler – [Scheduler] Cron eklendi: fikstur_cek @ 11:0
00:40:43 | INFO     | apscheduler.schedulers.base – Adding job tentatively -- it will be properly scheduled when the scheduler starts
00:40:43 | INFO     | src.core.job_scheduler – [Scheduler] Interval eklendi: oran_kontrol her 600s
00:40:43 | INFO     | apscheduler.schedulers.base – Adding job tentatively -- it will be properly scheduled when the scheduler starts
00:40:43 | INFO     | src.core.job_scheduler – [Scheduler] Cron eklendi: gunluk_rapor @ 23:30
00:40:43 | INFO     | apscheduler.schedulers.base – Adding job tentatively -- it will be properly scheduled when the scheduler starts
00:40:43 | INFO     | src.core.job_scheduler – [Scheduler] Cron eklendi: lstm_train @ 3:0
00:40:43 | INFO     | apscheduler.schedulers.base – Adding job tentatively -- it will be properly scheduled when the scheduler starts
00:40:43 | INFO     | src.core.job_scheduler – [Scheduler] Cron eklendi: veri_topla @ 10:0
00:40:43 | INFO     | apscheduler.schedulers.base – Adding job tentatively -- it will be properly scheduled when the scheduler starts
00:40:43 | INFO     | src.core.job_scheduler – [Scheduler] Cron eklendi: prophet_cache_temizle @ 6:0
00:40:43 | INFO     | apscheduler.schedulers.base – Adding job tentatively -- it will be properly scheduled when the scheduler starts
00:40:43 | INFO     | src.core.job_scheduler – [Scheduler] Cron eklendi: rl_train @ 4:0
00:40:43 | INFO     | apscheduler.schedulers.base – Adding job tentatively -- it will be properly scheduled when the scheduler starts
00:40:43 | INFO     | src.core.job_scheduler – [Scheduler] Cron eklendi: gunluk_brifing @ 9:0
00:40:43 | INFO     | apscheduler.schedulers.base – Adding job tentatively -- it will be properly scheduled when the scheduler starts
00:40:43 | INFO     | src.core.job_scheduler – [Scheduler] Cron eklendi: log_rotate @ 2:0
00:40:43 | INFO     | src.ingestion.scraper_agent – ScraperAgent – tüm ajanlar başlatılıyor…
00:40:43 | INFO     | src.ingestion.lineup_monitor – [Lineup] Kadro izleme başladı.
00:40:43 | INFO     | src.ui.webapp_server – [WebApp] TWA sunucu başlatıldı → http://0.0.0.0:8080
00:40:43 | INFO     | apscheduler.schedulers.base – Added job "fikstur_cek" to job store "default"
00:40:43 | INFO     | apscheduler.schedulers.base – Added job "oran_kontrol" to job store "default"
00:40:43 | INFO     | apscheduler.schedulers.base – Added job "gunluk_rapor" to job store "default"
00:40:43 | INFO     | apscheduler.schedulers.base – Added job "lstm_train" to job store "default"
00:40:43 | INFO     | apscheduler.schedulers.base – Added job "veri_topla" to job store "default"
00:40:43 | INFO     | apscheduler.schedulers.base – Added job "prophet_cache_temizle" to job store "default"
00:40:43 | INFO     | apscheduler.schedulers.base – Added job "rl_train" to job store "default"
00:40:43 | INFO     | apscheduler.schedulers.base – Added job "gunluk_brifing" to job store "default"
00:40:43 | INFO     | apscheduler.schedulers.base – Added job "log_rotate" to job store "default"
00:40:43 | INFO     | apscheduler.schedulers.base – Scheduler started
00:40:43 | SUCCESS  | src.core.job_scheduler – [Scheduler] Başlatıldı – 9 görev.
00:40:43 | INFO     | __main__ – ═══ Analiz Döngüsü #1 ═══
00:40:43 | WARNING  | src.utils.super_logger – UserWarning: std(): degrees of freedom is [= 0. Correction should be strictly less than the reduction factor (input numel divided by output numel). (Triggered internally at C:\actions-runner\_work\pytorch\pytorch\pytorch\aten\src\ATen\native\ReduceOps.cpp:1857.) (C:\Users\immor\OneDrive\Belgeler\Projelerim\bahis\.venv\Lib\site-packages\kan\MultKAN.py:813)
00:40:43 | WARNING  | src.utils.super_logger – UserWarning: std(): degrees of freedom is [= 0. Correction should be strictly less than the reduction factor (input numel divided by output numel). (Triggered internally at C:\actions-runner\_work\pytorch\pytorch\pytorch\aten\src\ATen\native\ReduceOps.cpp:1857.) (C:\Users\immor\OneDrive\Belgeler\Projelerim\bahis\.venv\Lib\site-packages\kan\MultKAN.py:823)
00:40:43 | WARNING  | src.utils.super_logger – UserWarning: std(): degrees of freedom is [= 0. Correction should be strictly less than the reduction factor (input numel divided by output numel). (Triggered internally at C:\actions-runner\_work\pytorch\pytorch\pytorch\aten\src\ATen\native\ReduceOps.cpp:1857.) (C:\Users\immor\OneDrive\Belgeler\Projelerim\bahis\.venv\Lib\site-packages\kan\MultKAN.py:824)
00:40:43 | WARNING  | src.utils.super_logger – UserWarning: std(): degrees of freedom is [= 0. Correction should be strictly less than the reduction factor (input numel divided by output numel). (Triggered internally at C:\actions-runner\_work\pytorch\pytorch\pytorch\aten\src\ATen\native\ReduceOps.cpp:1857.) (C:\Users\immor\OneDrive\Belgeler\Projelerim\bahis\.venv\Lib\site-packages\kan\MultKAN.py:825)
00:40:48 | WARNING  | src.utils.super_logger – DeprecationWarning: websockets.legacy is deprecated; see https://websockets.readthedocs.io/en/stable/howto/upgrade.html for upgrade instructions (C:\Users\immor\OneDrive\Belgeler\Projelerim\bahis\.venv\Lib\site-packages\websockets\legacy\__init__.py:6)
00:40:48 | WARNING  | src.utils.super_logger – DeprecationWarning: websockets.server.WebSocketServerProtocol is deprecated (C:\Users\immor\OneDrive\Belgeler\Projelerim\bahis\.venv\Lib\site-packages\uvicorn\protocols\websockets\websockets_impl.py:17)
00:40:50 | INFO     | src.ingestion.scraper_agent – [Mackolik] 0 maç çekildi.
00:40:50 | INFO     | src.ingestion.api_hijacker – [Hijack] 🆕 Endpoint keşfedildi: https://www.sofascore.com/api/v1/odds/*/featured-events-by-popularity/basketball [other] (sofascore_basketball)
00:40:50 | INFO     | src.ingestion.api_hijacker – [Hijack] 🆕 Endpoint keşfedildi: https://www.sofascore.com/api/v1/odds/*/featured-events/basketball [other] (sofascore_basketball)
00:40:51 | INFO     | src.ingestion.data_sources – [Sofascore] Tüm sporlar: 0 etkinlik çekildi.
00:40:54 | INFO     | src.ingestion.data_sources – [Agg] Bugün tüm sporlar: 0 etkinlik (futbol + basketbol + diğer)
00:40:57 | INFO     | src.ingestion.scraper_agent – [Mackolik] 0 oran çekildi.
00:41:11 | INFO     | src.ingestion.api_hijacker – [Hijack] ✓ Dinleniyor: sofascore_basketball (https://www.sofascore.com/basketball)
00:41:15 | INFO     | src.ingestion.api_hijacker – [Hijack] 🆕 Endpoint keşfedildi: https://www.sofascore.com/api/v1/odds/*/featured-events/tennis [other] (sofascore_tennis)
00:41:15 | INFO     | src.ingestion.api_hijacker – [Hijack] 🆕 Endpoint keşfedildi: https://www.sofascore.com/api/v1/odds/*/featured-events-by-popularity/tennis [other] (sofascore_tennis)
00:41:24 | INFO     | src.ingestion.async_data_factory – FlashScore: 23 maç tarandı.
00:41:24 | INFO     | src.ingestion.async_data_factory – FlashScore: 23 maç tarandı.
00:41:24 | INFO     | __main__ – [Prophet] Rizespor vs Kocaelispor: Mevsimsel anomali yok.
00:41:24 | INFO     | __main__ – [Prophet] Eyüpspor vs Gençlerbirliği: Mevsimsel anomali yok.
00:41:24 | INFO     | __main__ – [Prophet] Alanyaspor vs Başakşehir: Mevsimsel anomali yok.
00:41:24 | INFO     | __main__ – [Prophet] Konyaspor vs Galatasaray: Mevsimsel anomali yok.
00:41:24 | INFO     | __main__ – [Prophet] Kayserispor vs Antalyaspor: Mevsimsel anomali yok.
00:41:24 | INFO     | __main__ – [Prophet] Gaziantep FK vs Trabzonspor: Mevsimsel anomali yok.
00:41:24 | INFO     | __main__ – [Prophet] Beşiktaş vs Göztepe: Mevsimsel anomali yok.
00:41:24 | INFO     | __main__ – [Prophet] Karagümrük vs Samsunspor: Mevsimsel anomali yok.
00:41:24 | INFO     | __main__ – [Prophet] Fenerbahçe vs Kasımpaşa: Mevsimsel anomali yok.
00:41:24 | INFO     | __main__ – [Prophet] Başakşehir vs Konyaspor: Mevsimsel anomali yok.
00:41:24 | INFO     | __main__ – [Prophet] Trabzonspor vs Karagümrük: Mevsimsel anomali yok.
00:41:24 | INFO     | __main__ – [Prophet] Kasımpaşa vs Karagümrük: Mevsimsel anomali yok.
00:41:24 | INFO     | __main__ – [Prophet] Başakşehir vs Beşiktaş: Mevsimsel anomali yok.
00:41:24 | INFO     | __main__ – [Prophet] Göztepe vs Kayserispor: Mevsimsel anomali yok.
00:41:24 | INFO     | __main__ – [Prophet] Kocaelispor vs Gaziantep FK: Mevsimsel anomali yok.
00:41:24 | INFO     | __main__ – [Prophet] Trabzonspor vs Fenerbahçe: Mevsimsel anomali yok.
00:41:24 | INFO     | __main__ – [Prophet] Alanyaspor vs Konyaspor: Mevsimsel anomali yok.
00:41:24 | INFO     | __main__ – [Prophet] Gençlerbirliği vs Rizespor: Mevsimsel anomali yok.
00:41:24 | INFO     | __main__ – [Prophet] Antalyaspor vs Samsunspor: Mevsimsel anomali yok.
00:41:24 | INFO     | __main__ – [Prophet] Galatasaray vs Eyüpspor: Mevsimsel anomali yok.
00:41:24 | INFO     | __main__ – [Prophet] Fenerbahçe vs Gençlerbirliği: Mevsimsel anomali yok.
00:41:24 | INFO     | __main__ – [Prophet] Gaziantep FK vs Kasımpaşa: Mevsimsel anomali yok.
00:41:24 | INFO     | __main__ – [Prophet] Kayserispor vs Kocaelispor: Mevsimsel anomali yok.
00:41:24 | INFO     | __main__ – [Vector] Eyüpspor vs Gençlerbirliği: Tarihsel benzerlik → D (100%), Ü2.5: 0%
00:41:24 | INFO     | __main__ – [Vector] Alanyaspor vs Başakşehir: Tarihsel benzerlik → D (100%), Ü2.5: 0%
00:41:24 | INFO     | __main__ – [Vector] Konyaspor vs Galatasaray: Tarihsel benzerlik → D (100%), Ü2.5: 0%
00:41:24 | INFO     | __main__ – [Vector] Kayserispor vs Antalyaspor: Tarihsel benzerlik → D (100%), Ü2.5: 0%
00:41:24 | INFO     | __main__ – [Vector] Gaziantep FK vs Trabzonspor: Tarihsel benzerlik → D (100%), Ü2.5: 0%
00:41:24 | INFO     | __main__ – [Vector] Beşiktaş vs Göztepe: Tarihsel benzerlik → D (100%), Ü2.5: 0%
00:41:24 | INFO     | __main__ – [Vector] Karagümrük vs Samsunspor: Tarihsel benzerlik → D (100%), Ü2.5: 0%
00:41:24 | INFO     | __main__ – [Vector] Fenerbahçe vs Kasımpaşa: Tarihsel benzerlik → D (100%), Ü2.5: 0%
00:41:24 | INFO     | __main__ – [Vector] Başakşehir vs Konyaspor: Tarihsel benzerlik → D (100%), Ü2.5: 0%
00:41:24 | INFO     | __main__ – [Vector] Trabzonspor vs Karagümrük: Tarihsel benzerlik → D (100%), Ü2.5: 0%
00:41:24 | INFO     | __main__ – [Vector] Kasımpaşa vs Karagümrük: Tarihsel benzerlik → D (100%), Ü2.5: 0%
00:41:24 | INFO     | __main__ – [Vector] Başakşehir vs Beşiktaş: Tarihsel benzerlik → D (100%), Ü2.5: 0%
00:41:24 | INFO     | __main__ – [Vector] Göztepe vs Kayserispor: Tarihsel benzerlik → D (100%), Ü2.5: 0%
00:41:24 | INFO     | __main__ – [Vector] Kocaelispor vs Gaziantep FK: Tarihsel benzerlik → D (100%), Ü2.5: 0%
00:41:24 | INFO     | __main__ – [Vector] Trabzonspor vs Fenerbahçe: Tarihsel benzerlik → D (100%), Ü2.5: 0%
00:41:24 | INFO     | __main__ – [Vector] Alanyaspor vs Konyaspor: Tarihsel benzerlik → D (100%), Ü2.5: 0%
00:41:24 | INFO     | __main__ – [Vector] Gençlerbirliği vs Rizespor: Tarihsel benzerlik → D (100%), Ü2.5: 0%
00:41:24 | INFO     | __main__ – [Vector] Antalyaspor vs Samsunspor: Tarihsel benzerlik → D (100%), Ü2.5: 0%
00:41:24 | INFO     | __main__ – [Vector] Galatasaray vs Eyüpspor: Tarihsel benzerlik → D (100%), Ü2.5: 0%
00:41:24 | INFO     | __main__ – [Vector] Fenerbahçe vs Gençlerbirliği: Tarihsel benzerlik → D (100%), Ü2.5: 0%
00:41:24 | INFO     | __main__ – [Vector] Gaziantep FK vs Kasımpaşa: Tarihsel benzerlik → D (100%), Ü2.5: 0%
00:41:24 | INFO     | __main__ – [Vector] Kayserispor vs Kocaelispor: Tarihsel benzerlik → D (100%), Ü2.5: 0%
00:41:32 | WARNING  | src.utils.super_logger – RuntimeWarning: Mean of empty slice. (C:\Users\immor\OneDrive\Belgeler\Projelerim\bahis\.venv\Lib\site-packages\numpy\_core\fromnumeric.py:3860)
00:41:32 | WARNING  | src.utils.super_logger – RuntimeWarning: invalid value encountered in scalar divide (C:\Users\immor\OneDrive\Belgeler\Projelerim\bahis\.venv\Lib\site-packages\numpy\_core\_methods.py:144)
00:41:32 | WARNING  | src.utils.super_logger – RuntimeWarning: 
An even number of (0) equilibria was returned. This
indicates that the game is degenerate. Consider using another algorithm
to investigate.
                   (C:\Users\immor\OneDrive\Belgeler\Projelerim\bahis\.venv\Lib\site-packages\nashpy\algorithms\support_enumeration.py:260)
00:41:34 | INFO     | __main__ – [Twin] Rizespor vs Kocaelispor: H=16% D=64% A=19% (skor=0-0, Ü2.5=3%)
00:41:35 | INFO     | __main__ – [Twin] Eyüpspor vs Gençlerbirliği: H=10% D=76% A=14% (skor=0-0, Ü2.5=1%)
00:41:36 | INFO     | __main__ – [Twin] Alanyaspor vs Başakşehir: H=18% D=72% A=10% (skor=0-0, Ü2.5=0%)
00:41:37 | INFO     | __main__ – [Twin] Konyaspor vs Galatasaray: H=14% D=71% A=16% (skor=0-0, Ü2.5=0%)
00:41:38 | INFO     | __main__ – [Twin] Kayserispor vs Antalyaspor: H=18% D=66% A=16% (skor=0-0, Ü2.5=0%)
00:41:39 | INFO     | __main__ – [Twin] Gaziantep FK vs Trabzonspor: H=14% D=74% A=12% (skor=0-0, Ü2.5=0%)
00:41:40 | INFO     | __main__ – [Twin] Beşiktaş vs Göztepe: H=14% D=78% A=8% (skor=0-0, Ü2.5=1%)
00:41:41 | INFO     | __main__ – [Twin] Karagümrük vs Samsunspor: H=8% D=72% A=20% (skor=0-0, Ü2.5=0%)
00:41:42 | INFO     | __main__ – [Twin] Fenerbahçe vs Kasımpaşa: H=16% D=76% A=8% (skor=0-0, Ü2.5=0%)
00:41:43 | INFO     | __main__ – [Twin] Başakşehir vs Konyaspor: H=14% D=68% A=18% (skor=0-0, Ü2.5=0%)
00:41:44 | INFO     | __main__ – [Twin] Trabzonspor vs Karagümrük: H=13% D=74% A=12% (skor=0-0, Ü2.5=0%)
00:41:45 | INFO     | __main__ – [Twin] Kasımpaşa vs Karagümrük: H=13% D=76% A=12% (skor=0-0, Ü2.5=1%)
00:41:46 | INFO     | __main__ – [Twin] Başakşehir vs Beşiktaş: H=18% D=68% A=14% (skor=0-0, Ü2.5=0%)
00:41:47 | INFO     | __main__ – [Twin] Göztepe vs Kayserispor: H=14% D=69% A=16% (skor=0-0, Ü2.5=2%)
00:41:48 | INFO     | __main__ – [Twin] Kocaelispor vs Gaziantep FK: H=17% D=73% A=10% (skor=0-0, Ü2.5=0%)
00:41:49 | INFO     | __main__ – [Twin] Trabzonspor vs Fenerbahçe: H=6% D=78% A=16% (skor=0-0, Ü2.5=0%)
00:41:50 | INFO     | __main__ – [Twin] Alanyaspor vs Konyaspor: H=16% D=75% A=10% (skor=0-0, Ü2.5=0%)
00:41:51 | INFO     | __main__ – [Twin] Gençlerbirliği vs Rizespor: H=18% D=68% A=14% (skor=0-0, Ü2.5=0%)
00:41:52 | INFO     | __main__ – [Twin] Antalyaspor vs Samsunspor: H=14% D=68% A=18% (skor=0-0, Ü2.5=2%)
00:41:53 | INFO     | __main__ – [Twin] Galatasaray vs Eyüpspor: H=14% D=72% A=14% (skor=0-0, Ü2.5=0%)
00:41:54 | INFO     | __main__ – [Twin] Fenerbahçe vs Gençlerbirliği: H=14% D=66% A=20% (skor=0-0, Ü2.5=2%)
00:41:55 | INFO     | __main__ – [Twin] Gaziantep FK vs Kasımpaşa: H=16% D=72% A=12% (skor=0-0, Ü2.5=1%)
00:41:56 | INFO     | __main__ – [Twin] Kayserispor vs Kocaelispor: H=20% D=70% A=10% (skor=0-0, Ü2.5=2%)
00:41:56 | WARNING  | src.ingestion.api_hijacker – [Hijack] ✗ sofascore_tennis bağlanamadı: Page.goto: Connection closed while reading from the driver
00:41:56 | WARNING  | src.ingestion.api_hijacker – [Hijack] ✗ flashscore bağlanamadı: Browser.new_context: Connection closed while reading from the driver
00:41:56 | WARNING  | src.ingestion.api_hijacker – [Hijack] ✗ mackolik bağlanamadı: Browser.new_context: Connection closed while reading from the driver
PID=36912 RC_PRE=1 ELAPSED=2\nRC_POST=1 TOTAL_ELAPSED=2\nPID=6684 RC_PRE=1 ELAPSED=2\nRC_POST=1 TOTAL_ELAPSED=2\nVENV PID=18664 RC_PRE=None ELAPSED=420\nVENV RC_POST=21 TOTAL_ELAPSED=526\n